~~~~~~~~~~~~~~~~~~~~~~~
Starting spline generation using /data/t2k/OA/inputs_OA2023/weights/t2ksk19b.fqv4r0b.21bv2_run11.fhc.nuebar_x_nuebar_numucc1piselec_weights.root and selection numucc1pi
Detected from filename: Numode = 1
Using numu selection
hrecoe_0
0x26df330
hrecoe_0
41
Creating splines with numu erec binning
Found 1 SK erec binning templates
XsecVary2019 constructor with sampletype = 1
MaCCQE_tree
CA5RES_tree
MaRES_tree
MECTwkDial_2p2hEdep_lowEnu_tree
MECTwkDial_2p2hEdep_highEnu_tree
MECTwkDial_2p2hEdep_lowEnubar_tree
MECTwkDial_2p2hEdep_highEnubar_tree
PionFSI_QELowMomProb_tree
PionFSI_AbsProb_tree
PionFSI_CExLowMomProb_tree
PionFSI_QEHighMomProb_tree
PionFSI_InelProb_tree
DIS_BY_corr_on_off_tree
MultiPi_BY_corr_on_off_tree
MultiPi_Multiplicity_TotXSec_tree
BgSclLMCPiBarRES_tree
BgSclRES_tree
QETwk_HighQ2Weight_1_tree
QETwk_HighQ2Weight_2_tree
QETwk_HighQ2Weight_3_tree
PionFSI_CExHighMomProb_tree
TwkDial_FateNucleonFSI_tree
SF_P1_2Shell_MeanF_Norm_O_tree
SF_P3_2Shell_MeanF_Norm_O_tree
SF_SShell_MeanF_Norm_O_tree
SF_SRC_Norm_O_tree
SF_P1_2Shell_MeanF_PMissShape_O_tree
SF_P3_2Shell_MeanF_PMissShape_O_tree
SF_SShell_MeanF_PMissShape_O_tree
SF_PBTwkDial_Hybrid_O16_nu_tree
SF_PBTwkDial_Hybrid_O16_nubar_tree
SF_OptPotTwkDial_O16_tree
RES_Eb_O_numu_tree
RES_Eb_O_numubar_tree
MDLSPiEj_tree
MultiPi_BY_Vector_tree
MultiPi_BY_Axial_tree
MultiPi_Multiplicity_Shape_tree
MECTwkDial_PNNN_Shape_tree
MECTwkDial_PDDWeight_O16_np_tree
MECTwkDial_PDDWeight_O16_NN_tree
Number of true energy bins: 2.
True energy bins: {0, 2.5, 30}
Number of reco energy bins: 41.
Reco energy bins: {0, 300, 350, 400, 450, 500, 550, 600, 650, 700, 750, 800, 850, 900, 950, 1000, 1100, 1200, 1300, 1400, 1500, 1600, 1700, 1800, 1900, 2000, 2100, 2200, 2300, 2400, 2500, 2600, 2700, 2800, 2900, 3000, 3500, 4000, 5000, 7000, 10000, 30000}
Binning implemented successfully
Making variations for Numu splines
With the current code, this doesn't actually mean anything!
erec-2038.58
Filling splines...
Finished making splines! Exit.
Writing splines.
File closed.
Deleting splines 
Deleting graphs 
Deleting histograms 
